63,183,090
12,585,270
2,385,300
※08/11（月）00:04 集計時点のポイントです
63,400,890
12,585,270
2,390,790
※08/11（月）00:09 集計時点のポイントです
63,706,890
12,585,270
2,394,480
※08/11（月）00:14 集計時点のポイントです
63,883,590
12,585,270
2,398,620
※08/11（月）00:19 集計時点のポイントです
63,959,790
12,585,270
2,398,770
※08/11（月）00:24 集計時点のポイントです
64,044,990
12,585,270
2,404,710
※08/11（月）00:29 集計時点のポイントです
64,162,290
12,679,170
2,405,640
※08/11（月）00:34 集計時点のポイントです
64,284,990
12,679,530
2,405,640
※08/11（月）00:39 集計時点のポイントです
64,464,090
12,679,530
2,410,920
※08/11（月）00:44 集計時点のポイントです
64,512,690
12,679,530
2,410,920
※08/11（月）00:49 集計時点のポイントです
64,512,690
12,714,780
2,414,940
※08/11（月）00:54 集計時点のポイントです
64,512,690
12,714,780
2,415,900
※08/11（月）00:59 集計時点のポイントです
64,512,690
12,714,780
2,420,100
※08/11（月）01:04 集計時点のポイントです
64,512,690
12,714,780
2,420,970
※08/11（月）01:09 集計時点のポイントです
64,512,690
12,714,780
2,422,170
※08/11（月）01:14 集計時点のポイントです
64,512,690
12,714,780
2,426,670
※08/11（月）01:19 集計時点のポイントです
64,512,690
12,714,780
2,426,670
※08/11（月）01:24 集計時点のポイントです
64,512,690
12,714,780
2,427,420
※08/11（月）01:29 集計時点のポイントです
64,512,690
12,714,780
2,429,250
※08/11（月）01:34 集計時点のポイントです
64,512,690
12,714,780
2,429,250
※08/11（月）01:39 集計時点のポイントです
64,512,690
12,714,780
2,431,710
※08/11（月）01:44 集計時点のポイントです
64,512,690
12,714,780
2,434,920
※08/11（月）01:49 集計時点のポイントです
64,512,690
12,714,780
2,435,790
※08/11（月）01:54 集計時点のポイントです
64,512,690
12,714,780
2,436,360
※08/11（月）01:59 集計時点のポイントです
64,512,690
12,714,780
2,438,250
※08/11（月）02:04 集計時点のポイントです
64,512,690
12,727,080
2,438,250
※08/11（月）02:09 集計時点のポイントです
64,512,690
12,727,080
2,439,690
※08/11（月）02:14 集計時点のポイントです
64,512,690
12,730,440
2,440,320
※08/11（月）02:19 集計時点のポイントです
64,512,690
12,730,440
2,440,620
※08/11（月）02:24 集計時点のポイントです
64,512,690
12,730,440
2,441,310
※08/11（月）02:29 集計時点のポイントです
64,512,690
12,730,440
2,441,550
※08/11（月）02:34 集計時点のポイントです
64,512,690
12,730,440
2,441,550
※08/11（月）02:39 集計時点のポイントです
64,512,690
12,730,440
2,445,540
※08/11（月）02:44 集計時点のポイントです
64,512,690
12,762,360
2,446,650
※08/11（月）02:49 集計時点のポイントです
64,512,690
12,762,360
2,448,210
※08/11（月）02:54 集計時点のポイントです
64,512,690
12,866,700
2,448,210
※08/11（月）02:59 集計時点のポイントです
64,512,690
12,866,700
2,448,210
※08/11（月）03:04 集計時点のポイントです
64,512,690
12,866,700
2,448,210
※08/11（月）03:09 集計時点のポイントです
64,512,690
12,866,700
2,448,210
※08/11（月）03:14 集計時点のポイントです
64,512,690
12,866,700
2,448,900
※08/11（月）03:19 集計時点のポイントです
64,512,690
12,866,700
2,448,900
※08/11（月）03:24 集計時点のポイントです
64,512,690
12,866,700
2,448,900
※08/11（月）03:29 集計時点のポイントです
64,512,690
12,866,700
2,449,560
※08/11（月）03:34 集計時点のポイントです
64,512,690
12,866,700
2,449,800
※08/11（月）03:39 集計時点のポイントです
64,512,690
12,866,700
2,451,870
※08/11（月）03:44 集計時点のポイントです
64,512,690
12,866,700
2,452,560
※08/11（月）03:49 集計時点のポイントです
64,512,690
12,866,700
2,452,560
※08/11（月）03:54 集計時点のポイントです
64,512,690
12,866,700
2,452,560
※08/11（月）03:59 集計時点のポイントです
64,512,690
12,866,700
2,452,560
※08/11（月）04:04 集計時点のポイントです
64,512,690
12,866,700
2,452,560
※08/11（月）04:09 集計時点のポイントです
64,512,690
12,866,700
2,453,160
※08/11（月）04:14 集計時点のポイントです
64,512,690
12,866,700
2,453,160
※08/11（月）04:19 集計時点のポイントです
64,512,690
12,866,700
2,453,160
※08/11（月）04:24 集計時点のポイントです
64,512,690
12,866,700
2,456,280
※08/11（月）04:29 集計時点のポイントです
64,512,690
12,866,700
2,456,280
※08/11（月）04:34 集計時点のポイントです
64,512,690
12,866,700
2,456,280
※08/11（月）04:39 集計時点のポイントです
64,512,690
12,866,700
2,456,280
※08/11（月）04:44 集計時点のポイントです
64,512,690
12,866,700
2,456,280
※08/11（月）04:49 集計時点のポイントです
64,512,690
12,866,700
2,457,780
※08/11（月）04:54 集計時点のポイントです
64,512,690
12,985,110
2,457,780
※08/11（月）04:59 集計時点のポイントです
64,602,360
12,985,110
2,457,780
※08/11（月）05:04 集計時点のポイントです
64,649,310
12,985,110
2,457,780
※08/11（月）05:09 集計時点のポイントです
65,212,110
12,985,110
2,457,780
※08/11（月）05:14 集計時点のポイントです
65,277,210
12,985,110
2,457,780
※08/11（月）05:19 集計時点のポイントです
65,688,210
12,985,110
2,457,780
※08/11（月）05:24 集計時点のポイントです
66,327,810
12,985,110
2,457,780
※08/11（月）05:29 集計時点のポイントです
66,507,360
12,985,110
2,457,780
※08/11（月）05:34 集計時点のポイントです
67,092,660
12,985,110
2,458,320
※08/11（月）05:39 集計時点のポイントです
67,764,960
12,985,110
2,458,320
※08/11（月）05:44 集計時点のポイントです
67,898,610
12,985,110
2,458,320
※08/11（月）05:49 集計時点のポイントです
68,696,310
13,035,480
2,458,650
※08/11（月）05:54 集計時点のポイントです
69,465,810
13,035,480
2,458,650
※08/11（月）05:59 集計時点のポイントです
69,790,710
13,035,480
2,465,370
※08/11（月）06:04 集計時点のポイントです
70,583,910
13,035,480
2,465,370
※08/11（月）06:09 集計時点のポイントです
70,682,910
13,035,480
2,465,370
※08/11（月）06:14 集計時点のポイントです
71,226,360
13,035,480
2,467,770
※08/11（月）06:19 集計時点のポイントです
71,405,460
13,035,480
2,467,770
※08/11（月）06:24 集計時点のポイントです
71,751,060
13,035,480
2,467,770
※08/11（月）06:29 集計時点のポイントです
72,165,360
13,035,480
2,468,730
※08/11（月）06:34 集計時点のポイントです
72,165,360
13,097,010
2,468,730
※08/11（月）06:39 集計時点のポイントです
72,165,360
13,102,710
2,470,140
※08/11（月）06:44 集計時点のポイントです
72,165,360
13,102,710
2,470,140
※08/11（月）06:49 集計時点のポイントです
72,165,360
13,105,110
2,471,400
※08/11（月）06:54 集計時点のポイントです
72,165,360
13,110,210
2,471,400
※08/11（月）06:59 集計時点のポイントです
72,165,360
13,110,210
2,471,880
※08/11（月）07:04 集計時点のポイントです
72,165,360
13,110,210
2,474,550
※08/11（月）07:09 集計時点のポイントです
72,165,360
13,110,210
2,475,090
※08/11（月）07:14 集計時点のポイントです
72,165,360
13,110,210
2,476,200
※08/11（月）07:19 集計時点のポイントです
72,165,360
13,110,210
2,478,060
※08/11（月）07:24 集計時点のポイントです
72,165,360
13,170,270
2,478,060
※08/11（月）07:29 集計時点のポイントです
72,165,360
13,173,060
2,478,060
※08/11（月）07:34 集計時点のポイントです
72,165,360
13,173,060
2,478,090
※08/11（月）07:39 集計時点のポイントです
72,165,360
13,173,060
2,478,090
※08/11（月）07:44 集計時点のポイントです
72,165,360
13,173,060
2,478,450
※08/11（月）07:49 集計時点のポイントです
72,165,360
13,173,060
2,480,700
※08/11（月）07:54 集計時点のポイントです
72,165,360
13,173,060
2,480,970
※08/11（月）07:59 集計時点のポイントです
72,165,360
13,173,060
2,481,000
※08/11（月）08:04 集計時点のポイントです
72,165,360
13,173,060
2,482,410
※08/11（月）08:09 集計時点のポイントです
72,165,360
13,173,060
2,482,410
※08/11（月）08:14 集計時点のポイントです
72,165,360
13,173,060
2,482,470
※08/11（月）08:19 集計時点のポイントです
72,165,360
13,173,060
2,483,130
※08/11（月）08:24 集計時点のポイントです
72,165,360
13,173,060
2,483,130
※08/11（月）08:29 集計時点のポイントです
72,165,360
13,173,060
2,483,130
※08/11（月）08:34 集計時点のポイントです
72,165,360
13,173,060
2,489,940
※08/11（月）08:39 集計時点のポイントです
72,165,360
13,173,060
2,489,940
※08/11（月）08:44 集計時点のポイントです
72,165,360
13,173,060
2,489,940
※08/11（月）08:49 集計時点のポイントです
72,165,360
13,173,060
2,489,940
※08/11（月）08:54 集計時点のポイントです
72,165,360
13,182,120
2,490,720
※08/11（月）08:59 集計時点のポイントです
72,165,360
13,182,120
2,491,500
※08/11（月）09:04 集計時点のポイントです
72,165,360
13,182,120
2,491,500
※08/11（月）09:09 集計時点のポイントです
72,165,360
13,182,120
2,491,500
※08/11（月）09:14 集計時点のポイントです
72,165,360
13,182,120
2,492,850
※08/11（月）09:19 集計時点のポイントです
72,165,360
13,182,120
2,492,850
※08/11（月）09:24 集計時点のポイントです
72,165,360
13,182,120
2,496,870
※08/11（月）09:29 集計時点のポイントです
72,165,360
13,182,120
2,496,870
※08/11（月）09:34 集計時点のポイントです
72,165,360
13,182,120
2,497,350
※08/11（月）09:39 集計時点のポイントです
72,165,360
13,182,120
2,497,680
※08/11（月）09:44 集計時点のポイントです
72,165,360
13,182,120
2,498,280
※08/11（月）09:49 集計時点のポイントです
72,165,360
13,182,120
2,498,280
※08/11（月）09:54 集計時点のポイントです
72,165,360
13,182,120
2,501,010
※08/11（月）09:59 集計時点のポイントです
72,165,360
13,182,120
2,501,010
※08/11（月）10:04 集計時点のポイントです
72,165,360
13,182,120
2,504,160
※08/11（月）10:09 集計時点のポイントです
72,165,360
13,182,120
2,505,240
※08/11（月）10:14 集計時点のポイントです
72,165,360
13,182,120
2,505,960
※08/11（月）10:19 集計時点のポイントです
72,165,360
13,182,120
2,510,220
※08/11（月）10:24 集計時点のポイントです
72,165,360
13,182,120
2,510,220
※08/11（月）10:29 集計時点のポイントです
72,165,360
13,182,120
2,510,700
※08/11（月）10:34 集計時点のポイントです
72,165,360
13,182,120
2,510,700
※08/11（月）10:39 集計時点のポイントです
72,165,360
13,182,120
2,510,700
※08/11（月）10:44 集計時点のポイントです
72,165,360
13,182,120
2,510,700
※08/11（月）10:49 集計時点のポイントです
72,165,360
13,182,120
2,510,700
※08/11（月）10:54 集計時点のポイントです
72,165,360
13,182,120
2,512,890
※08/11（月）10:59 集計時点のポイントです
72,165,360
13,182,120
2,513,910
※08/11（月）11:04 集計時点のポイントです
72,165,360
13,189,770
2,513,910
※08/11（月）11:09 集計時点のポイントです
72,165,360
13,189,770
2,513,910
※08/11（月）11:14 集計時点のポイントです
72,165,360
13,189,770
2,515,140
※08/11（月）11:19 集計時点のポイントです
72,165,360
13,189,770
2,515,140
※08/11（月）11:24 集計時点のポイントです
72,165,360
13,189,770
2,515,140
※08/11（月）11:29 集計時点のポイントです
72,165,360
13,189,770
2,515,140
※08/11（月）11:34 集計時点のポイントです
72,165,360
13,189,770
2,515,140
※08/11（月）11:39 集計時点のポイントです
72,165,360
13,189,770
2,517,300
※08/11（月）11:44 集計時点のポイントです
72,165,360
13,189,770
2,517,300
※08/11（月）11:49 集計時点のポイントです
72,165,360
13,189,770
2,517,300
※08/11（月）11:54 集計時点のポイントです
72,165,360
13,189,770
2,519,430
※08/11（月）11:59 集計時点のポイントです
72,165,360
13,189,770
2,519,430
※08/11（月）12:04 集計時点のポイントです
72,165,360
13,189,770
2,520,660
※08/11（月）12:09 集計時点のポイントです
72,165,360
13,189,770
2,521,920
※08/11（月）12:14 集計時点のポイントです
72,165,360
13,189,770
2,521,920
※08/11（月）12:19 集計時点のポイントです
72,165,360
13,189,770
2,521,980
※08/11（月）12:24 集計時点のポイントです
72,165,360
13,189,770
2,521,980
※08/11（月）12:29 集計時点のポイントです
72,165,360
13,189,770
2,524,680
※08/11（月）12:34 集計時点のポイントです
72,165,360
13,189,770
2,524,740
※08/11（月）12:39 集計時点のポイントです
72,165,360
13,189,770
2,525,850
※08/11（月）12:44 集計時点のポイントです
72,165,360
13,189,770
2,526,330
※08/11（月）12:49 集計時点のポイントです
72,165,360
13,189,770
2,531,310
※08/11（月）12:54 集計時点のポイントです
72,165,360
13,189,770
2,531,310
※08/11（月）12:59 集計時点のポイントです
72,165,360
13,189,770
2,533,740
※08/11（月）13:04 集計時点のポイントです
72,165,360
13,189,770
2,534,010
※08/11（月）13:09 集計時点のポイントです
72,165,360
13,189,770
2,535,030
※08/11（月）13:14 集計時点のポイントです
72,165,360
13,189,770
2,535,180
※08/11（月）13:19 集計時点のポイントです
72,165,360
13,189,770
2,536,110
※08/11（月）13:24 集計時点のポイントです
72,165,360
13,189,770
2,536,110
※08/11（月）13:29 集計時点のポイントです
72,330,990
13,189,770
2,536,110
※08/11（月）13:34 集計時点のポイントです
72,683,790
13,190,640
2,539,620
※08/11（月）13:39 集計時点のポイントです
73,249,590
13,195,170
2,542,920
※08/11（月）13:44 集計時点のポイントです
73,713,090
13,195,170
2,542,920
※08/11（月）13:49 集計時点のポイントです
74,071,290
13,195,170
2,542,920
※08/11（月）13:54 集計時点のポイントです
74,071,290
13,195,170
2,542,920
※08/11（月）13:59 集計時点のポイントです
74,071,290
13,195,170
2,542,950
※08/11（月）14:04 集計時点のポイントです
74,071,290
13,195,170
2,542,950
※08/11（月）14:09 集計時点のポイントです
74,071,290
13,226,250
2,542,950
※08/11（月）14:14 集計時点のポイントです
74,071,290
13,226,250
2,542,950
※08/11（月）14:19 集計時点のポイントです
74,071,290
13,226,250
2,543,850
※08/11（月）14:24 集計時点のポイントです
74,071,290
13,226,250
2,547,090
※08/11（月）14:29 集計時点のポイントです
74,071,290
13,226,250
2,547,090
※08/11（月）14:34 集計時点のポイントです
74,071,290
13,226,250
2,549,430
※08/11（月）14:39 集計時点のポイントです
74,071,290
13,226,250
2,554,290
※08/11（月）14:44 集計時点のポイントです
74,071,290
13,226,250
2,555,280
※08/11（月）14:49 集計時点のポイントです
74,071,290
13,226,250
2,555,280
※08/11（月）14:54 集計時点のポイントです
74,071,290
13,226,250
2,555,550
※08/11（月）14:59 集計時点のポイントです
74,071,290
13,226,250
2,555,550
※08/11（月）15:04 集計時点のポイントです
74,071,290
13,226,250
2,560,380
※08/11（月）15:09 集計時点のポイントです
74,071,290
13,226,250
2,560,380
※08/11（月）15:14 集計時点のポイントです
74,071,290
13,226,250
2,560,380
※08/11（月）15:19 集計時点のポイントです
74,304,090
13,226,250
2,571,090
※08/11（月）15:24 集計時点のポイントです
74,510,640
13,226,250
2,571,090
※08/11（月）15:29 集計時点のポイントです
74,962,140
13,226,250
2,571,090
※08/11（月）15:34 集計時点のポイントです
75,536,640
13,226,250
2,573,520
※08/11（月）15:39 集計時点のポイントです
75,909,840
13,226,250
2,573,730
※08/11（月）15:44 集計時点のポイントです
76,294,140
13,226,250
2,573,730
※08/11（月）15:49 集計時点のポイントです
76,675,440
13,226,250
2,573,730
※08/11（月）15:54 集計時点のポイントです
77,105,940
13,264,170
2,573,730
※08/11（月）15:59 集計時点のポイントです
77,552,940
13,366,080
2,573,760
※08/11（月）16:04 集計時点のポイントです
78,018,840
13,366,080
2,580,630
※08/11（月）16:09 集計時点のポイントです
78,366,240
13,366,080
2,582,190
※08/11（月）16:14 集計時点のポイントです
78,610,740
13,366,080
2,582,190
※08/11（月）16:19 集計時点のポイントです
78,758,490
13,366,080
2,582,190
※08/11（月）16:24 集計時点のポイントです
79,160,640
13,366,080
2,583,810
※08/11（月）16:29 集計時点のポイントです
79,350,540
13,366,080
2,586,120
※08/11（月）16:34 集計時点のポイントです
79,359,540
13,366,080
2,586,120
※08/11（月）16:39 集計時点のポイントです
79,504,140
13,366,080
2,587,020
※08/11（月）16:44 集計時点のポイントです
79,588,140
13,366,080
2,587,260
※08/11（月）16:49 集計時点のポイントです
79,900,290
13,366,080
2,587,440
※08/11（月）16:54 集計時点のポイントです
80,277,240
13,366,080
2,587,620
※08/11（月）16:59 集計時点のポイントです
80,521,440
13,366,080
2,587,620
※08/11（月）17:04 集計時点のポイントです
80,730,240
13,366,080
2,590,230
※08/11（月）17:09 集計時点のポイントです
80,730,240
13,389,090
2,591,850
※08/11（月）17:14 集計時点のポイントです
80,730,240
13,389,090
2,595,750
※08/11（月）17:19 集計時点のポイントです
80,730,240
13,389,090
2,596,350
※08/11（月）17:24 集計時点のポイントです
80,730,240
13,390,860
2,600,220
※08/11（月）17:29 集計時点のポイントです
80,730,240
13,390,860
2,600,670
※08/11（月）17:34 集計時点のポイントです
80,730,240
13,390,860
2,600,670
※08/11（月）17:39 集計時点のポイントです
80,730,240
13,390,860
2,600,670
※08/11（月）17:44 集計時点のポイントです
80,730,240
13,390,860
2,600,670
※08/11（月）17:49 集計時点のポイントです
80,730,240
13,390,860
2,601,300
※08/11（月）17:54 集計時点のポイントです
80,730,240
13,390,860
2,602,980
※08/11（月）17:59 集計時点のポイントです
80,730,240
13,390,860
2,604,450
※08/11（月）18:04 集計時点のポイントです
80,730,240
13,390,860
2,605,050
※08/11（月）18:09 集計時点のポイントです
80,730,240
13,434,900
2,605,110
※08/11（月）18:14 集計時点のポイントです
80,730,240
13,434,900
2,610,390
※08/11（月）18:19 集計時点のポイントです
80,730,240
13,434,900
2,612,520
※08/11（月）18:24 集計時点のポイントです
80,730,240
13,434,900
2,613,120
※08/11（月）18:29 集計時点のポイントです
80,730,240
13,434,900
2,615,700
※08/11（月）18:34 集計時点のポイントです
80,730,240
13,434,900
2,619,510
※08/11（月）18:39 集計時点のポイントです
80,730,240
13,434,900
2,619,870
※08/11（月）18:44 集計時点のポイントです
80,730,240
13,434,900
2,621,670
※08/11（月）18:49 集計時点のポイントです
80,730,240
13,434,900
2,624,220
※08/11（月）18:54 集計時点のポイントです
80,730,240
13,434,900
2,625,930
※08/11（月）18:59 集計時点のポイントです
80,730,240
13,434,900
2,626,380
※08/11（月）19:04 集計時点のポイントです
80,730,240
13,434,900
2,631,150
※08/11（月）19:09 集計時点のポイントです
80,730,240
13,434,900
2,645,190
※08/11（月）19:14 集計時点のポイントです
80,730,240
13,434,900
2,645,190
※08/11（月）19:19 集計時点のポイントです
80,730,240
13,434,900
2,647,110
※08/11（月）19:24 集計時点のポイントです
80,730,240
13,434,900
2,650,560
※08/11（月）19:29 集計時点のポイントです
80,730,240
13,434,900
2,650,980
※08/11（月）19:34 集計時点のポイントです
80,730,240
13,434,900
2,660,190
※08/11（月）19:39 集計時点のポイントです
80,730,240
13,434,900
2,661,930
※08/11（月）19:44 集計時点のポイントです
80,730,240
13,434,900
2,662,020
※08/11（月）19:49 集計時点のポイントです
80,730,240
13,434,900
2,667,060
※08/11（月）19:54 集計時点のポイントです
80,730,240
13,434,900
2,669,610
※08/11（月）19:59 集計時点のポイントです
80,730,240
13,434,900
2,672,760
※08/11（月）20:04 集計時点のポイントです
80,730,240
13,434,900
2,675,820
※08/11（月）20:09 集計時点のポイントです
80,730,240
13,434,900
2,676,000
※08/11（月）20:14 集計時点のポイントです
80,730,240
13,434,900
2,676,480
※08/11（月）20:19 集計時点のポイントです
80,730,240
13,434,900
2,676,480
※08/11（月）20:24 集計時点のポイントです
80,730,240
13,434,900
2,678,940
※08/11（月）20:29 集計時点のポイントです
80,730,240
13,434,900
2,678,940
※08/11（月）20:34 集計時点のポイントです
80,730,240
13,434,900
2,681,490
※08/11（月）20:39 集計時点のポイントです
80,730,240
13,434,900
2,681,490
※08/11（月）20:44 集計時点のポイントです
80,730,240
13,434,900
2,686,500
※08/11（月）20:49 集計時点のポイントです
80,730,240
13,434,900
2,688,870
※08/11（月）20:54 集計時点のポイントです
80,730,240
13,434,900
2,695,500
※08/11（月）20:59 集計時点のポイントです
80,730,240
13,554,270
2,697,210
※08/11（月）21:04 集計時点のポイントです
80,730,240
13,634,130
2,699,250
※08/11（月）21:09 集計時点のポイントです
80,730,240
13,634,130
2,699,250
※08/11（月）21:14 集計時点のポイントです
80,730,240
13,634,130
2,703,390
※08/11（月）21:19 集計時点のポイントです
80,730,240
13,634,130
2,705,460
※08/11（月）21:24 集計時点のポイントです
80,730,240
13,634,130
2,708,490
※08/11（月）21:29 集計時点のポイントです
80,730,240
13,634,130
2,708,850
※08/11（月）21:34 集計時点のポイントです
80,730,240
13,653,900
2,708,850
※08/11（月）21:39 集計時点のポイントです
80,730,240
13,833,090
2,714,130
※08/11（月）21:44 集計時点のポイントです
80,730,240
13,833,090
2,724,030
※08/11（月）21:49 集計時点のポイントです
80,730,240
13,833,090
2,726,700
※08/11（月）21:54 集計時点のポイントです
80,730,240
13,833,090
2,727,240
※08/11（月）21:59 集計時点のポイントです
80,730,240
13,833,090
2,727,450
※08/11（月）22:04 集計時点のポイントです
80,812,140
13,833,090
2,728,320
※08/11（月）22:09 集計時点のポイントです
81,400,740
13,833,090
2,729,070
※08/11（月）22:14 集計時点のポイントです
81,982,740
13,921,530
2,729,640
※08/11（月）22:19 集計時点のポイントです
82,361,640
13,973,040
2,731,470
※08/11（月）22:24 集計時点のポイントです
82,653,240
13,973,040
2,734,860
※08/11（月）22:29 集計時点のポイントです
82,981,590
13,973,040
2,738,340
※08/11（月）22:34 集計時点のポイントです
83,026,890
14,060,310
2,738,370
※08/11（月）22:39 集計時点のポイントです
83,304,690
14,168,310
2,747,460
※08/11（月）22:44 集計時点のポイントです
83,737,290
14,204,970
2,747,460
※08/11（月）22:49 集計時点のポイントです
84,091,590
14,204,970
2,750,460
※08/11（月）22:54 集計時点のポイントです
84,483,090
14,204,970
2,751,840
※08/11（月）22:59 集計時点のポイントです
84,921,390
14,204,970
2,751,840
※08/11（月）23:04 集計時点のポイントです
85,091,490
14,204,970
2,751,840
※08/11（月）23:09 集計時点のポイントです
85,253,190
14,204,970
2,753,160
※08/11（月）23:14 集計時点のポイントです
85,426,590
14,204,970
2,753,460
※08/11（月）23:19 集計時点のポイントです
85,576,290
14,204,970
2,754,030
※08/11（月）23:24 集計時点のポイントです
85,770,090
14,337,900
2,754,030
※08/11（月）23:29 集計時点のポイントです
85,897,590
14,337,900
2,754,150
※08/11（月）23:34 集計時点のポイントです
85,897,590
14,337,900
2,754,150
※08/11（月）23:39 集計時点のポイントです
85,897,590
14,337,900
2,757,840
※08/11（月）23:44 集計時点のポイントです
85,994,190
14,337,900
2,761,710
※08/11（月）23:49 集計時点のポイントです
86,394,090
14,337,900
2,762,280
※08/11（月）23:54 集計時点のポイントです
86,571,090
14,337,900
2,765,250
※08/11（月）23:59 集計時点のポイントです
86,983,590
14,337,900
2,765,250
※08/12（火）00:04 集計時点のポイントです
